Crasm 1.11:                                                   page  1

                         1      CPU 65c02
                         2      OUTPUT HEX
                         3      INCLUDE spec
>>>>> 4 ERROR: Undefined label
                         4      * = PATCH_AT+$4000
                         5  
                         6  ;Look for this bit to patch.
>>>>> 7 ERROR: No org given
                         7      LDA #$FF
>>>>> 8 ERROR: No org given
                         8      LDX #$FF
>>>>> 9 ERROR: No org given
                         9      STA CMP_VAR1
>>>> 10 ERROR: No org given
                        10      STX CMP_VAR2
>>>> 11 ERROR: No org given
                        11      RTS
                        12  

ERRORS:       6
WARNINGS:     0

No code generated...
